[16:29:30] [ServerMain/INFO]: [bootstrap] Running Java 21 (OpenJDK 64-Bit Server VM 21.0.9+10-LTS; Eclipse Adoptium Temurin-21.0.9+10) on Linux 6.8.0-71-generic (amd64)
[16:29:30] [ServerMain/INFO]: [bootstrap] Loading Paper 1.21.10-115-main@af06383 (2025-11-21T23:42:01Z) for Minecraft 1.21.10
[16:29:30] [ServerMain/INFO]: [PluginInitializerManager] Initializing plugins...
[16:29:30] [ServerMain/INFO]: [PluginInitializerManager] Initialized 0 plugins
[16:29:34] [ServerMain/INFO]: Environment: Environment[sessionHost=https://sessionserver.mojang.com, servicesHost=https://api.minecraftservices.com, profilesHost=https://api.mojang.com, name=PROD]
[16:29:34] [ServerMain/INFO]: [ca.spottedleaf.dataconverter.minecraft.datatypes.MCTypeRegistry] Initialising converters for DataConverter...
[16:29:34] [ServerMain/INFO]: [ca.spottedleaf.dataconverter.minecraft.datatypes.MCTypeRegistry] Finished initialising converters for DataConverter in 239.9ms
[16:29:35] [ServerMain/INFO]: Loaded 1461 recipes
[16:29:35] [ServerMain/INFO]: Loaded 1574 advancements
[16:29:35] [Server thread/INFO]: Starting minecraft server version 1.21.10
[16:29:35] [Server thread/INFO]: Loading properties
[16:29:35] [Server thread/INFO]: This server is running Paper version 1.21.10-115-main@af06383 (2025-11-21T23:42:01Z) (Implementing API version 1.21.10-R0.1-SNAPSHOT)
[16:29:35] [Server thread/INFO]: [spark] This server bundles the spark profiler. For more information please visit https://docs.papermc.io/paper/profiling
[16:29:35] [Server thread/INFO]: Server Ping Player Sample Count: 12
[16:29:35] [Server thread/INFO]: Using 4 threads for Netty based IO
[16:29:36] [Server thread/INFO]: [MoonriseCommon] Paper is using 3 worker threads, 1 I/O threads
[16:29:36] [Server thread/INFO]: Default game type: SURVIVAL
[16:29:36] [Server thread/INFO]: Generating keypair
[16:29:36] [Server thread/INFO]: Starting Minecraft server on *:25565
[16:29:36] [Server thread/INFO]: Using epoll channel type
[16:29:36] [Server thread/INFO]: Paper: Using libdeflate (Linux x86_64) compression from Velocity.
[16:29:36] [Server thread/INFO]: Paper: Using OpenSSL 3.x.x (Linux x86_64) cipher from Velocity.
[16:29:36] [Server thread/INFO]: Server permissions file permissions.yml is empty, ignoring it
[16:29:36] [Server thread/WARN]: **** SERVER IS RUNNING IN OFFLINE/INSECURE MODE!
[16:29:36] [Server thread/WARN]: The server will make no attempt to authenticate usernames. Beware.
[16:29:36] [Server thread/WARN]: While this makes the game possible to play without internet access, it also opens up the ability for hackers to connect with any username they choose.
[16:29:36] [Server thread/WARN]: To change this, set "online-mode" to "true" in the server.properties file.
[16:29:36] [Server thread/INFO]: Preparing level "world"
[16:29:36] [Server thread/INFO]: Loading 0 persistent chunks for world 'minecraft:overworld'...
[16:29:36] [Server thread/INFO]: Preparing spawn area: 100%
[16:29:36] [Server thread/INFO]: Prepared spawn area in 1 ms
[16:29:36] [Server thread/INFO]: Loading 0 persistent chunks for world 'minecraft:the_nether'...
[16:29:36] [Server thread/INFO]: Prepared spawn area in 0 ms
[16:29:36] [Server thread/INFO]: Loading 0 persistent chunks for world 'minecraft:the_end'...
[16:29:36] [Server thread/INFO]: Prepared spawn area in 0 ms
[16:29:36] [Server thread/INFO]: Done preparing level "world" (0.284s)
[16:29:36] [Server thread/INFO]: [spark] Starting background profiler...
[16:29:36] [Server thread/INFO]: Starting remote control listener
[16:29:36] [Server thread/INFO]: Thread RCON Listener started
[16:29:36] [Server thread/INFO]: RCON running on 0.0.0.0:25575
[16:29:36] [Server thread/INFO]: Running delayed init tasks
[16:29:36] [Server thread/INFO]: Done (6.796s)! For help, type "help"
[16:30:36] [Server thread/INFO]: Server empty for 60 seconds, pausing
